2023-04-22 23:50:52,802 :INFO : TestLogin :started test_pagetitle_001
2023-04-22 23:50:52,802 :INFO : TestLogin :Verifying page tile
2023-04-22 23:50:54,892 :INFO : TestLogin :started test_login_002
2023-04-22 23:50:54,893 :INFO : TestLogin :verifying test_login_002
2023-04-22 23:50:58,270 :INFO : TestLogin :test_pagetitle_001 is passed
2023-04-22 23:51:05,482 :INFO : TestLogin :test_pagetitle_001 is completed
2023-04-22 23:51:05,819 :INFO : TestLogin :Enter username
2023-04-22 23:51:05,958 :INFO : TestLogin :Enter password
2023-04-22 23:51:06,074 :INFO : TestLogin :click on login password
2023-04-22 23:51:12,520 :INFO : TestLogin :click on Options
2023-04-22 23:51:15,317 :INFO : TestLogin :click on Logout
2023-04-22 23:51:21,893 :INFO : TestLogin :test_login_002 is completed
2023-04-22 23:54:45,094 :INFO : TestLogin :started test_login_002
2023-04-22 23:54:45,094 :INFO : TestLogin :verifying test_login_002
2023-04-22 23:54:46,945 :INFO : TestLogin :started test_pagetitle_001
2023-04-22 23:54:46,945 :INFO : TestLogin :Verifying page tile
2023-04-22 23:54:53,427 :INFO : TestLogin :test_pagetitle_001 is passed
2023-04-22 23:54:54,324 :INFO : TestLogin :Enter username
2023-04-22 23:54:54,542 :INFO : TestLogin :Enter password
2023-04-22 23:54:54,713 :INFO : TestLogin :click on login password
2023-04-22 23:54:55,854 :INFO : TestLogin :test_pagetitle_001 is completed
2023-04-22 23:55:00,785 :INFO : TestLogin :click on Options
2023-04-22 23:55:03,714 :INFO : TestLogin :click on Logout
2023-04-22 23:55:04,005 :INFO : TestLogin :test_login_002 is completed
2023-04-22 23:56:09,842 :INFO : TestLogin :started test_login_002
2023-04-22 23:56:09,843 :INFO : TestLogin :verifying test_login_002
2023-04-22 23:56:11,585 :INFO : TestLogin :started test_pagetitle_001
2023-04-22 23:56:11,585 :INFO : TestLogin :Verifying page tile
2023-04-22 23:56:20,492 :INFO : TestLogin :test_pagetitle_001 is passed
2023-04-22 23:56:21,209 :INFO : TestLogin :test_pagetitle_001 is completed
2023-04-22 23:56:22,507 :INFO : TestLogin :Enter username
2023-04-22 23:56:22,630 :INFO : TestLogin :Enter password
2023-04-22 23:56:22,795 :INFO : TestLogin :click on login password
2023-04-22 23:56:29,973 :INFO : TestLogin :click on Options
2023-04-22 23:56:33,181 :INFO : TestLogin :click on Logout
2023-04-22 23:56:39,830 :INFO : TestLogin :test_login_002 is completed
2023-04-23 00:06:42,020 :INFO : TestLogin_DDT :started test_login_ddt_003
2023-04-23 00:06:42,021 :INFO : TestLogin_DDT :verifying test_login_ddt_003
2023-04-23 00:06:51,400 :INFO : TestLogin_DDT :Enter username
2023-04-23 00:06:51,549 :INFO : TestLogin_DDT :Enter password
2023-04-23 00:06:51,712 :INFO : TestLogin_DDT :click on login password
2023-04-23 00:07:00,059 :INFO : TestLogin_DDT :click on Options
2023-04-23 00:07:03,701 :INFO : TestLogin_DDT :click on Logout
2023-04-23 00:07:05,141 :INFO : TestLogin_DDT :test_login_ddt_003 is completed
2023-04-23 00:07:29,431 :INFO : TestLogin_DDT :started test_login_ddt_003
2023-04-23 00:07:29,431 :INFO : TestLogin_DDT :verifying test_login_ddt_003
2023-04-23 00:07:38,885 :INFO : TestLogin_DDT :Enter username
2023-04-23 00:07:39,285 :INFO : TestLogin_DDT :Enter password
2023-04-23 00:07:39,614 :INFO : TestLogin_DDT :click on login password
2023-04-23 00:11:58,486 :INFO : TestLogin :started test_pagetitle_001
2023-04-23 00:11:58,486 :INFO : TestLogin :Verifying page tile
2023-04-23 00:12:04,510 :INFO : TestLogin :test_pagetitle_001 is passed
2023-04-23 00:12:05,250 :INFO : TestLogin :test_pagetitle_001 is completed
2023-04-23 00:12:08,555 :INFO : TestLogin :started test_login_002
2023-04-23 00:12:08,556 :INFO : TestLogin :verifying test_login_002
2023-04-23 00:12:18,052 :INFO : TestLogin :Enter username
2023-04-23 00:12:18,271 :INFO : TestLogin :Enter password
2023-04-23 00:12:18,442 :INFO : TestLogin :click on login password
2023-04-23 00:13:19,102 :INFO : TestLogin :started test_pagetitle_001
2023-04-23 00:13:19,103 :INFO : TestLogin :Verifying page tile
2023-04-23 00:13:23,337 :INFO : TestLogin :started test_login_002
2023-04-23 00:13:23,338 :INFO : TestLogin :verifying test_login_002
2023-04-23 00:13:24,201 :INFO : TestLogin_DDT :started test_login_ddt_003
2023-04-23 00:13:24,201 :INFO : TestLogin_DDT :verifying test_login_ddt_003
2023-04-23 00:13:26,632 :INFO : TestLogin :test_pagetitle_001 is passed
2023-04-23 00:13:34,838 :INFO : TestLogin :Enter username
2023-04-23 00:13:34,904 :INFO : TestLogin_DDT :Enter username
2023-04-23 00:13:35,767 :INFO : TestLogin :Enter password
2023-04-23 00:13:36,111 :INFO : TestLogin_DDT :Enter password
2023-04-23 00:13:36,376 :INFO : TestLogin :click on login password
2023-04-23 00:13:37,336 :INFO : TestLogin_DDT :click on login password
2023-04-23 00:13:45,071 :INFO : TestLogin :test_pagetitle_001 is completed
2023-04-23 00:13:45,677 :INFO : TestLogin_DDT :click on Options
2023-04-23 00:13:49,010 :INFO : TestLogin_DDT :click on Logout
2023-04-23 00:13:49,570 :INFO : TestLogin_DDT :test_login_ddt_003 is completed
2023-04-23 00:15:00,169 :INFO : TestLogin :started test_pagetitle_001
2023-04-23 00:15:00,169 :INFO : TestLogin :Verifying page tile
2023-04-23 00:15:02,635 :INFO : TestLogin_DDT :started test_login_ddt_003
2023-04-23 00:15:02,635 :INFO : TestLogin_DDT :verifying test_login_ddt_003
2023-04-23 00:15:03,058 :INFO : TestLogin :started test_login_002
2023-04-23 00:15:03,058 :INFO : TestLogin :verifying test_login_002
2023-04-23 00:15:05,946 :INFO : TestLogin :test_pagetitle_001 is passed
2023-04-23 00:15:06,222 :INFO : TestLogin :test_pagetitle_001 is completed
2023-04-23 00:15:11,870 :INFO : TestLogin :Enter username
2023-04-23 00:15:12,055 :INFO : TestLogin :Enter password
2023-04-23 00:15:12,202 :INFO : TestLogin_DDT :Enter username
2023-04-23 00:15:12,278 :INFO : TestLogin :click on login password
2023-04-23 00:15:12,420 :INFO : TestLogin_DDT :Enter password
2023-04-23 00:15:12,714 :INFO : TestLogin_DDT :click on login password
2023-04-23 00:15:20,144 :INFO : TestLogin :test_login_002 is passed
2023-04-23 00:15:20,144 :INFO : TestLogin :click on Options
2023-04-23 00:15:20,690 :INFO : TestLogin_DDT :click on Options
2023-04-23 00:15:23,334 :INFO : TestLogin :click on Logout
2023-04-23 00:15:23,935 :INFO : TestLogin_DDT :click on Logout
2023-04-23 00:15:24,157 :INFO : TestLogin_DDT :test_login_ddt_003 is completed
2023-04-23 00:15:29,611 :INFO : TestLogin :test_login_002 is completed
2023-04-23 00:16:01,319 :INFO : TestLogin :started test_login_002
2023-04-23 00:16:01,319 :INFO : TestLogin :verifying test_login_002
2023-04-23 00:16:04,154 :INFO : TestLogin_DDT :started test_login_ddt_003
2023-04-23 00:16:04,154 :INFO : TestLogin_DDT :verifying test_login_ddt_003
2023-04-23 00:16:04,416 :INFO : TestLogin :started test_pagetitle_001
2023-04-23 00:16:04,417 :INFO : TestLogin :Verifying page tile
2023-04-23 00:16:14,206 :INFO : TestLogin :test_pagetitle_001 is passed
2023-04-23 00:16:15,095 :INFO : TestLogin :test_pagetitle_001 is completed
2023-04-23 00:16:15,382 :INFO : TestLogin :Enter username
2023-04-23 00:16:15,653 :INFO : TestLogin :Enter password
2023-04-23 00:16:16,029 :INFO : TestLogin :click on login password
2023-04-23 00:16:17,655 :INFO : TestLogin_DDT :Enter username
2023-04-23 00:16:18,294 :INFO : TestLogin_DDT :Enter password
2023-04-23 00:16:18,813 :INFO : TestLogin_DDT :click on login password
2023-04-23 00:23:59,023 :INFO : TestLogin_DDT :started test_login_ddt_003
2023-04-23 00:23:59,023 :INFO : TestLogin_DDT :verifying test_login_ddt_003
2023-04-23 00:24:01,069 :INFO : TestLogin :started test_login_002
2023-04-23 00:24:01,069 :INFO : TestLogin :verifying test_login_002
2023-04-23 00:24:01,097 :INFO : TestLogin :started test_pagetitle_001
2023-04-23 00:24:01,097 :INFO : TestLogin :Verifying page tile
2023-04-23 00:24:06,503 :INFO : TestLogin :test_pagetitle_001 is passed
2023-04-23 00:24:07,324 :INFO : TestLogin :test_pagetitle_001 is completed
2023-04-23 00:24:08,541 :INFO : TestLogin_DDT :Enter username
2023-04-23 00:24:08,724 :INFO : TestLogin_DDT :Enter password
2023-04-23 00:24:08,935 :INFO : TestLogin_DDT :click on login password
2023-04-23 00:24:10,320 :INFO : TestLogin :Enter username
2023-04-23 00:24:10,533 :INFO : TestLogin :Enter password
2023-04-23 00:24:10,776 :INFO : TestLogin :click on login password
2023-04-23 00:26:00,518 :INFO : TestLogin_DDT :started test_login_002
2023-04-23 00:26:00,519 :INFO : TestLogin_DDT :verifying test_login_002
2023-04-23 00:26:09,970 :INFO : TestLogin_DDT :Enter username
2023-04-23 00:26:10,076 :INFO : TestLogin_DDT :Enter password
2023-04-23 00:26:10,184 :INFO : TestLogin_DDT :click on login password
2023-04-23 00:26:45,552 :INFO : TestLogin_DDT :started test_login_002
2023-04-23 00:26:45,553 :INFO : TestLogin_DDT :verifying test_login_002
2023-04-23 00:26:54,268 :INFO : TestLogin_DDT :Enter username
2023-04-23 00:26:54,367 :INFO : TestLogin_DDT :Enter password
2023-04-23 00:26:54,477 :INFO : TestLogin_DDT :click on login password
2023-04-23 00:27:29,473 :INFO : TestLogin_DDT :started test_login_002
2023-04-23 00:27:29,474 :INFO : TestLogin_DDT :verifying test_login_002
2023-04-23 00:27:37,957 :INFO : TestLogin_DDT :Enter username
2023-04-23 00:27:38,098 :INFO : TestLogin_DDT :Enter password
2023-04-23 00:27:38,243 :INFO : TestLogin_DDT :click on login password
2023-04-23 00:29:36,962 :INFO : TestLogin :started test_pagetitle_001
2023-04-23 00:29:36,962 :INFO : TestLogin :Verifying page tile
2023-04-23 00:29:42,107 :INFO : TestLogin :test_pagetitle_001 is passed
2023-04-23 00:29:42,830 :INFO : TestLogin :test_pagetitle_001 is completed
2023-04-23 00:29:44,817 :INFO : TestLogin :started test_login_002
2023-04-23 00:29:44,818 :INFO : TestLogin :verifying test_login_002
2023-04-23 00:29:53,603 :INFO : TestLogin :Enter username
2023-04-23 00:29:53,731 :INFO : TestLogin :Enter password
2023-04-23 00:29:53,868 :INFO : TestLogin :click on login password
2023-04-23 00:30:00,145 :INFO : TestLogin :test_login_002 is passed
2023-04-23 00:30:00,145 :INFO : TestLogin :click on Options
2023-04-23 00:30:05,270 :INFO : TestLogin :click on Logout
2023-04-23 00:30:05,448 :INFO : TestLogin :test_login_002 is completed
2023-04-23 00:30:33,911 :INFO : TestLogin_DDT :started test_login_002
2023-04-23 00:30:33,912 :INFO : TestLogin_DDT :verifying test_login_002
2023-04-23 00:30:42,470 :INFO : TestLogin_DDT :Enter username
2023-04-23 00:30:42,598 :INFO : TestLogin_DDT :Enter password
2023-04-23 00:30:42,772 :INFO : TestLogin_DDT :click on login password
2023-04-23 00:30:48,987 :INFO : TestLogin_DDT :test_login_002 is passed
2023-04-23 00:30:48,987 :INFO : TestLogin_DDT :click on Options
2023-04-23 00:30:51,913 :INFO : TestLogin_DDT :click on Logout
2023-04-23 00:30:52,046 :INFO : TestLogin_DDT :test_login_002 is completed
2023-04-23 00:31:04,554 :INFO : TestLogin_DDT :started test_login_002
2023-04-23 00:31:04,554 :INFO : TestLogin_DDT :verifying test_login_002
2023-04-23 00:31:14,909 :INFO : TestLogin_DDT :Enter username
2023-04-23 00:31:15,031 :INFO : TestLogin_DDT :Enter password
2023-04-23 00:31:15,165 :INFO : TestLogin_DDT :click on login password
2023-04-23 10:29:27,171 :INFO : TestLogin :started test_pagetitle_001
2023-04-23 10:29:27,172 :INFO : TestLogin :Verifying page tile
2023-04-23 10:29:32,810 :INFO : TestLogin :test_pagetitle_001 is passed
2023-04-23 10:29:33,818 :INFO : TestLogin :test_pagetitle_001 is completed
2023-04-23 10:29:37,371 :INFO : TestLogin :started test_login_002
2023-04-23 10:29:37,372 :INFO : TestLogin :verifying test_login_002
2023-04-23 10:29:47,089 :INFO : TestLogin :Enter username
2023-04-23 10:29:47,350 :INFO : TestLogin :Enter password
2023-04-23 10:29:47,915 :INFO : TestLogin :click on login password
2023-04-23 18:11:09,832 :INFO : TestLogin :started test_pagetitle_001
2023-04-23 18:11:09,833 :INFO : TestLogin :Verifying page tile
2023-04-23 18:11:24,692 :INFO : TestLogin :test_pagetitle_001 is passed
2023-04-23 18:11:27,429 :INFO : TestLogin :test_pagetitle_001 is completed
2023-04-23 18:11:30,338 :INFO : TestLogin :started test_login_002
2023-04-23 18:11:30,338 :INFO : TestLogin :verifying test_login_002
2023-04-23 18:13:28,673 :INFO : TestLogin :started test_pagetitle_001
2023-04-23 18:13:28,673 :INFO : TestLogin :Verifying page tile
2023-04-23 18:13:40,237 :INFO : TestLogin :test_pagetitle_001 is passed
2023-04-23 18:13:40,841 :INFO : TestLogin :test_pagetitle_001 is completed
2023-04-23 18:13:43,296 :INFO : TestLogin :started test_login_002
2023-04-23 18:13:43,296 :INFO : TestLogin :verifying test_login_002
2023-04-23 18:13:58,119 :INFO : TestLogin :Enter username
2023-04-23 18:13:58,299 :INFO : TestLogin :Enter password
2023-04-23 18:13:58,451 :INFO : TestLogin :click on login password
2023-04-23 18:14:30,391 :INFO : TestLogin :test_login_002 is passed
2023-04-23 18:14:30,391 :INFO : TestLogin :click on Options
2023-04-23 18:14:36,240 :INFO : TestLogin :click on Logout
2023-04-23 18:14:36,580 :INFO : TestLogin :test_login_002 is completed
2023-04-23 18:36:49,893 :INFO : TestLogin :started test_pagetitle_001
2023-04-23 18:36:49,893 :INFO : TestLogin :Verifying page tile
2023-04-23 18:36:59,326 :INFO : TestLogin :test_pagetitle_001 is passed
2023-04-23 18:36:59,983 :INFO : TestLogin :test_pagetitle_001 is completed
2023-04-23 18:37:01,959 :INFO : TestLogin :started test_login_002
2023-04-23 18:37:01,959 :INFO : TestLogin :verifying test_login_002
2023-04-23 18:37:12,913 :INFO : TestLogin :Enter username
2023-04-23 18:37:13,042 :INFO : TestLogin :Enter password
2023-04-23 18:37:13,161 :INFO : TestLogin :click on login password
2023-04-23 18:37:27,846 :INFO : TestLogin :test_login_002 is passed
2023-04-23 18:37:27,847 :INFO : TestLogin :click on Options
2023-04-23 18:37:53,874 :INFO : TestLogin :click on Logout
2023-04-23 18:37:54,401 :INFO : TestLogin :test_login_002 is completed
2023-04-23 19:22:01,663 :INFO : TestLogin_DDT :started test_login_ddt_003
2023-04-23 19:22:01,663 :INFO : TestLogin_DDT :verifying test_login_ddt_003
2023-04-23 19:22:12,243 :INFO : TestLogin_DDT :Enter username
2023-04-23 19:22:12,442 :INFO : TestLogin_DDT :Enter password
2023-04-23 19:22:12,820 :INFO : TestLogin_DDT :click on login password
2023-04-23 19:22:19,447 :INFO : TestLogin_DDT :test_login_ddt_003 is passed
2023-04-23 19:22:19,448 :INFO : TestLogin_DDT :click on Options
2023-04-23 19:22:22,437 :INFO : TestLogin_DDT :click on Logout
2023-04-23 19:22:22,969 :INFO : TestLogin_DDT :test_login_ddt_003 is completed
2023-04-23 19:23:24,658 :INFO : TestLogin_DDT :started test_login_ddt_003
2023-04-23 19:23:24,658 :INFO : TestLogin_DDT :verifying test_login_ddt_003
2023-04-23 19:23:33,086 :INFO : TestLogin_DDT :Enter username
2023-04-23 19:23:33,219 :INFO : TestLogin_DDT :Enter password
2023-04-23 19:23:33,366 :INFO : TestLogin_DDT :click on login password
2023-04-23 19:23:39,198 :INFO : TestLogin_DDT :test_login_ddt_003 is passed
2023-04-23 19:23:39,198 :INFO : TestLogin_DDT :click on Options
2023-04-23 19:23:42,097 :INFO : TestLogin_DDT :click on Logout
2023-04-23 19:23:42,338 :INFO : TestLogin_DDT :test_login_ddt_003 is completed
2023-04-23 19:24:21,246 :INFO : TestLogin_DDT :started test_login_ddt_003
2023-04-23 19:24:21,247 :INFO : TestLogin_DDT :verifying test_login_ddt_003
2023-04-23 19:24:30,447 :INFO : TestLogin_DDT :Enter username
2023-04-23 19:24:30,625 :INFO : TestLogin_DDT :Enter password
2023-04-23 19:24:30,782 :INFO : TestLogin_DDT :click on login password
2023-04-23 19:24:36,967 :INFO : TestLogin_DDT :test_login_ddt_003 is passed
2023-04-23 19:24:36,967 :INFO : TestLogin_DDT :click on Options
2023-04-23 19:24:39,958 :INFO : TestLogin_DDT :click on Logout
2023-04-23 19:24:40,172 :INFO : TestLogin_DDT :test_login_ddt_003 is completed
2023-04-23 19:25:44,433 :INFO : TestLogin_DDT :started test_login_ddt_003
2023-04-23 19:25:44,434 :INFO : TestLogin_DDT :verifying test_login_ddt_003
2023-04-23 19:25:53,833 :INFO : TestLogin_DDT :Enter username
2023-04-23 19:25:53,951 :INFO : TestLogin_DDT :Enter password
2023-04-23 19:25:54,075 :INFO : TestLogin_DDT :click on login password
2023-04-23 19:26:02,585 :INFO : TestLogin_DDT :test_login_ddt_003 is passed
2023-04-23 19:26:02,586 :INFO : TestLogin_DDT :click on Options
2023-04-23 19:26:07,253 :INFO : TestLogin_DDT :click on Logout
2023-04-23 19:26:07,254 :INFO : TestLogin_DDT :test_login_ddt_003 is completed
2023-04-23 19:26:25,008 :INFO : TestLogin_DDT :started test_login_ddt_003
2023-04-23 19:26:25,009 :INFO : TestLogin_DDT :verifying test_login_ddt_003
2023-04-23 19:26:33,846 :INFO : TestLogin_DDT :Enter username
2023-04-23 19:26:33,955 :INFO : TestLogin_DDT :Enter password
2023-04-23 19:26:34,069 :INFO : TestLogin_DDT :click on login password
2023-04-23 19:26:40,481 :INFO : TestLogin_DDT :test_login_ddt_003 is passed
2023-04-23 19:26:40,481 :INFO : TestLogin_DDT :click on Options
2023-04-23 19:26:43,344 :INFO : TestLogin_DDT :click on Logout
2023-04-23 19:26:43,345 :INFO : TestLogin_DDT :test_login_ddt_003 is completed
2023-04-23 19:26:43,510 :INFO : TestLogin_DDT :Enter username
2023-04-23 19:26:43,640 :INFO : TestLogin_DDT :Enter password
2023-04-23 19:26:43,755 :INFO : TestLogin_DDT :click on login password
2023-04-23 19:27:15,388 :INFO : TestLogin_DDT :started test_login_ddt_003
2023-04-23 19:27:15,388 :INFO : TestLogin_DDT :verifying test_login_ddt_003
2023-04-23 19:27:41,239 :INFO : TestLogin_DDT :Enter username
2023-04-23 19:27:41,371 :INFO : TestLogin_DDT :Enter password
2023-04-23 19:27:41,491 :INFO : TestLogin_DDT :click on login password
2023-04-23 19:27:47,551 :INFO : TestLogin_DDT :test_login_ddt_003 is passed
2023-04-23 19:27:47,552 :INFO : TestLogin_DDT :click on Options
2023-04-23 19:27:50,594 :INFO : TestLogin_DDT :click on Logout
2023-04-23 19:27:50,594 :INFO : TestLogin_DDT :test_login_ddt_003 is completed
2023-04-23 19:27:50,751 :INFO : TestLogin_DDT :Enter username
2023-04-23 19:27:50,869 :INFO : TestLogin_DDT :Enter password
2023-04-23 19:27:50,993 :INFO : TestLogin_DDT :click on login password
2023-04-23 19:27:55,008 :INFO : TestLogin_DDT :test_login_ddt_003 is Failed
2023-04-23 19:27:55,232 :INFO : TestLogin_DDT :test_login_ddt_003 is completed
2023-04-23 19:28:59,861 :INFO : TestLogin_DDT :started test_login_ddt_003
2023-04-23 19:28:59,861 :INFO : TestLogin_DDT :verifying test_login_ddt_003
2023-04-23 19:29:08,409 :INFO : TestLogin_DDT :Enter username
2023-04-23 19:29:08,512 :INFO : TestLogin_DDT :Enter password
2023-04-23 19:29:08,622 :INFO : TestLogin_DDT :click on login password
2023-04-23 19:29:15,593 :INFO : TestLogin_DDT :test_login_ddt_003 is passed
2023-04-23 19:29:15,593 :INFO : TestLogin_DDT :click on Options
2023-04-23 19:29:18,339 :INFO : TestLogin_DDT :click on Logout
2023-04-23 19:29:18,401 :INFO : TestLogin_DDT :test_login_ddt_003 is completed
2023-04-23 19:29:18,652 :INFO : TestLogin_DDT :Enter username
2023-04-23 19:29:18,808 :INFO : TestLogin_DDT :Enter password
2023-04-23 19:29:18,975 :INFO : TestLogin_DDT :click on login password
2023-04-23 19:29:22,988 :INFO : TestLogin_DDT :test_login_ddt_003 is Failed
2023-04-23 19:29:23,448 :INFO : TestLogin_DDT :test_login_ddt_003 is completed
2023-04-23 19:29:52,344 :INFO : TestLogin_DDT :started test_login_ddt_003
2023-04-23 19:29:52,344 :INFO : TestLogin_DDT :verifying test_login_ddt_003
2023-04-23 19:30:00,744 :INFO : TestLogin_DDT :Enter username
2023-04-23 19:30:00,881 :INFO : TestLogin_DDT :Enter password
2023-04-23 19:30:00,987 :INFO : TestLogin_DDT :click on login password
2023-04-23 19:30:06,898 :INFO : TestLogin_DDT :test_login_ddt_003 is passed
2023-04-23 19:30:06,899 :INFO : TestLogin_DDT :click on Options
2023-04-23 19:30:09,511 :INFO : TestLogin_DDT :click on Logout
2023-04-23 19:30:09,531 :INFO : TestLogin_DDT :test_login_ddt_003 is completed
2023-04-23 19:30:09,746 :INFO : TestLogin_DDT :Enter username
2023-04-23 19:30:09,876 :INFO : TestLogin_DDT :Enter password
2023-04-23 19:30:09,983 :INFO : TestLogin_DDT :click on login password
2023-04-23 19:30:13,994 :INFO : TestLogin_DDT :test_login_ddt_003 is Failed
2023-04-23 19:30:14,012 :INFO : TestLogin_DDT :test_login_ddt_003 is completed
2023-04-23 19:30:14,108 :INFO : TestLogin_DDT :Enter username
2023-04-23 19:30:14,195 :INFO : TestLogin_DDT :Enter password
2023-04-23 19:30:14,272 :INFO : TestLogin_DDT :click on login password
2023-04-23 19:30:18,287 :INFO : TestLogin_DDT :test_login_ddt_003 is Failed
2023-04-23 19:30:18,326 :INFO : TestLogin_DDT :test_login_ddt_003 is completed
2023-04-23 19:30:18,478 :INFO : TestLogin_DDT :Enter username
2023-04-23 19:30:18,581 :INFO : TestLogin_DDT :Enter password
2023-04-23 19:30:18,679 :INFO : TestLogin_DDT :click on login password
2023-04-23 19:30:22,697 :INFO : TestLogin_DDT :test_login_ddt_003 is Failed
2023-04-23 19:30:22,741 :INFO : TestLogin_DDT :test_login_ddt_003 is completed
2023-04-23 19:31:25,156 :INFO : TestLogin_DDT :started test_login_ddt_003
2023-04-23 19:31:25,157 :INFO : TestLogin_DDT :verifying test_login_ddt_003
2023-04-23 19:31:36,246 :INFO : TestLogin_DDT :Enter username
2023-04-23 19:32:00,264 :INFO : TestLogin_DDT :started test_login_ddt_003
2023-04-23 19:32:00,264 :INFO : TestLogin_DDT :verifying test_login_ddt_003
2023-04-23 19:32:12,985 :INFO : TestLogin_DDT :Enter username
2023-04-23 19:32:13,131 :INFO : TestLogin_DDT :Enter password
2023-04-23 19:32:13,265 :INFO : TestLogin_DDT :click on login password
2023-04-23 19:32:28,081 :INFO : TestLogin_DDT :test_login_ddt_003 is passed
2023-04-23 19:32:28,081 :INFO : TestLogin_DDT :click on Options
2023-04-23 19:32:32,044 :INFO : TestLogin_DDT :click on Logout
2023-04-23 19:32:32,066 :INFO : TestLogin_DDT :test_login_ddt_003 is completed
2023-04-23 19:32:32,272 :INFO : TestLogin_DDT :Enter username
2023-04-23 19:32:32,428 :INFO : TestLogin_DDT :Enter password
2023-04-23 19:32:32,519 :INFO : TestLogin_DDT :click on login password
2023-04-23 19:32:36,531 :INFO : TestLogin_DDT :test_login_ddt_003 is Failed
2023-04-23 19:32:36,551 :INFO : TestLogin_DDT :test_login_ddt_003 is completed
2023-04-23 19:32:36,719 :INFO : TestLogin_DDT :Enter username
2023-04-23 19:32:36,983 :INFO : TestLogin_DDT :Enter password
2023-04-23 19:32:37,085 :INFO : TestLogin_DDT :click on login password
2023-04-23 19:32:41,097 :INFO : TestLogin_DDT :test_login_ddt_003 is Failed
2023-04-23 19:32:41,127 :INFO : TestLogin_DDT :test_login_ddt_003 is completed
2023-04-23 19:32:41,380 :INFO : TestLogin_DDT :Enter username
2023-04-23 19:32:41,593 :INFO : TestLogin_DDT :Enter password
2023-04-23 19:32:41,772 :INFO : TestLogin_DDT :click on login password
2023-04-23 19:32:45,786 :INFO : TestLogin_DDT :test_login_ddt_003 is Failed
2023-04-23 19:32:45,814 :INFO : TestLogin_DDT :test_login_ddt_003 is completed
2023-04-24 17:28:43,980 :INFO : TestLogin_DDT :started test_login_ddt_003
2023-04-24 17:28:43,980 :INFO : TestLogin_DDT :verifying test_login_ddt_003
2023-04-24 17:28:54,022 :INFO : TestLogin_DDT :Enter username
2023-04-24 17:28:54,186 :INFO : TestLogin_DDT :Enter password
2023-04-24 17:28:54,309 :INFO : TestLogin_DDT :click on login password
2023-04-24 17:28:58,330 :INFO : TestLogin_DDT :test_login_ddt_003 is Failed
2023-04-24 17:28:58,386 :INFO : TestLogin_DDT :test_login_ddt_003 is completed
2023-04-24 17:28:58,587 :INFO : TestLogin_DDT :Enter username
2023-04-24 17:28:58,729 :INFO : TestLogin_DDT :Enter password
2023-04-24 17:28:58,805 :INFO : TestLogin_DDT :click on login password
2023-04-24 17:29:02,818 :INFO : TestLogin_DDT :test_login_ddt_003 is Failed
2023-04-24 17:29:02,844 :INFO : TestLogin_DDT :test_login_ddt_003 is completed
2023-04-24 17:29:03,040 :INFO : TestLogin_DDT :Enter username
2023-04-24 17:29:03,178 :INFO : TestLogin_DDT :Enter password
2023-04-24 17:29:03,256 :INFO : TestLogin_DDT :click on login password
2023-04-24 17:29:07,271 :INFO : TestLogin_DDT :test_login_ddt_003 is Failed
2023-04-24 17:29:07,297 :INFO : TestLogin_DDT :test_login_ddt_003 is completed
2023-04-24 17:29:07,518 :INFO : TestLogin_DDT :Enter username
2023-04-24 17:29:07,697 :INFO : TestLogin_DDT :Enter password
2023-04-24 17:29:07,820 :INFO : TestLogin_DDT :click on login password
2023-04-24 17:29:11,841 :INFO : TestLogin_DDT :test_login_ddt_003 is Failed
2023-04-24 17:29:11,867 :INFO : TestLogin_DDT :test_login_ddt_003 is completed
2023-04-24 17:30:35,634 :INFO : TestLogin_DDT :started test_login_ddt_003
2023-04-24 17:30:35,634 :INFO : TestLogin_DDT :verifying test_login_ddt_003
2023-04-24 17:30:45,358 :INFO : TestLogin_DDT :Enter username
2023-04-24 17:30:45,545 :INFO : TestLogin_DDT :Enter password
2023-04-24 17:30:45,663 :INFO : TestLogin_DDT :click on login password
2023-04-24 17:31:01,577 :INFO : TestLogin_DDT :test_login_ddt_003 is passed
2023-04-24 17:31:01,578 :INFO : TestLogin_DDT :click on Options
2023-04-24 17:31:11,004 :INFO : TestLogin_DDT :click on Logout
2023-04-24 17:31:11,069 :INFO : TestLogin_DDT :test_login_ddt_003 is completed
2023-04-24 17:31:11,317 :INFO : TestLogin_DDT :Enter username
2023-04-24 17:31:11,496 :INFO : TestLogin_DDT :Enter password
2023-04-24 17:31:11,586 :INFO : TestLogin_DDT :click on login password
2023-04-24 17:31:15,606 :INFO : TestLogin_DDT :test_login_ddt_003 is Failed
2023-04-24 17:31:15,656 :INFO : TestLogin_DDT :test_login_ddt_003 is completed
2023-04-24 17:31:15,869 :INFO : TestLogin_DDT :Enter username
2023-04-24 17:31:16,020 :INFO : TestLogin_DDT :Enter password
2023-04-24 17:31:16,106 :INFO : TestLogin_DDT :click on login password
2023-04-24 17:31:20,128 :INFO : TestLogin_DDT :test_login_ddt_003 is Failed
2023-04-24 17:31:20,175 :INFO : TestLogin_DDT :test_login_ddt_003 is completed
2023-04-24 17:31:20,445 :INFO : TestLogin_DDT :Enter username
2023-04-24 17:31:20,603 :INFO : TestLogin_DDT :Enter password
2023-04-24 17:31:20,685 :INFO : TestLogin_DDT :click on login password
2023-04-24 17:31:24,705 :INFO : TestLogin_DDT :test_login_ddt_003 is Failed
2023-04-24 17:31:24,747 :INFO : TestLogin_DDT :test_login_ddt_003 is completed
2023-04-24 17:38:52,089 :INFO : TestLogin_DDT :started test_login_ddt_003
2023-04-24 17:38:52,090 :INFO : TestLogin_DDT :verifying test_login_ddt_003
2023-04-24 17:38:53,003 :INFO : TestLogin :started test_pagetitle_001
2023-04-24 17:38:53,004 :INFO : TestLogin :Verifying page tile
2023-04-24 17:38:54,246 :INFO : TestLogin :started test_login_002
2023-04-24 17:38:54,247 :INFO : TestLogin :verifying test_login_002
2023-04-24 17:39:00,932 :INFO : TestLogin_DDT :Enter username
2023-04-24 17:39:01,078 :INFO : TestLogin_DDT :Enter password
2023-04-24 17:39:01,214 :INFO : TestLogin_DDT :click on login password
2023-04-24 17:39:03,829 :INFO : TestLogin :test_pagetitle_001 is passed
2023-04-24 17:39:04,372 :INFO : TestLogin :test_pagetitle_001 is completed
2023-04-24 17:39:06,970 :INFO : TestLogin_DDT :test_login_ddt_003 is passed
2023-04-24 17:39:06,970 :INFO : TestLogin_DDT :click on Options
2023-04-24 17:39:09,944 :INFO : TestLogin_DDT :click on Logout
2023-04-24 17:39:10,009 :INFO : TestLogin :Enter username
2023-04-24 17:39:10,265 :INFO : TestLogin :Enter password
2023-04-24 17:39:10,434 :INFO : TestLogin :click on login password
2023-04-24 17:39:23,123 :INFO : TestLogin :test_login_002 is passed
2023-04-24 17:39:23,123 :INFO : TestLogin :click on Options
2023-04-24 17:39:26,741 :INFO : TestLogin :click on Logout
2023-04-24 17:39:27,017 :INFO : TestLogin :test_login_002 is completed
2023-04-24 17:39:59,905 :INFO : TestLogin_DDT :started test_login_ddt_003
2023-04-24 17:39:59,905 :INFO : TestLogin_DDT :verifying test_login_ddt_003
2023-04-24 17:40:09,895 :INFO : TestLogin_DDT :Enter username
2023-04-24 17:40:10,064 :INFO : TestLogin_DDT :Enter password
2023-04-24 17:40:10,183 :INFO : TestLogin_DDT :click on login password
2023-04-24 17:40:17,813 :INFO : TestLogin_DDT :test_login_ddt_003 is passed
2023-04-24 17:40:17,814 :INFO : TestLogin_DDT :click on Options
2023-04-24 17:40:21,150 :INFO : TestLogin_DDT :click on Logout
2023-04-24 17:41:33,670 :INFO : TestLogin_DDT :started test_login_ddt_003
2023-04-24 17:41:33,670 :INFO : TestLogin_DDT :verifying test_login_ddt_003
2023-04-24 17:41:42,496 :INFO : TestLogin_DDT :Enter username
2023-04-24 17:41:42,665 :INFO : TestLogin_DDT :Enter password
2023-04-24 17:41:42,771 :INFO : TestLogin_DDT :click on login password
2023-04-24 17:41:59,134 :INFO : TestLogin_DDT :test_login_ddt_003 is passed
2023-04-24 17:41:59,134 :INFO : TestLogin_DDT :click on Options
2023-04-24 17:42:02,138 :INFO : TestLogin_DDT :click on Logout
2023-04-24 17:44:00,389 :INFO : TestLogin_DDT :started test_login_ddt_003
2023-04-24 17:44:00,390 :INFO : TestLogin_DDT :verifying test_login_ddt_003
2023-04-24 17:44:09,218 :INFO : TestLogin_DDT :Enter username
2023-04-24 17:44:09,361 :INFO : TestLogin_DDT :Enter password
2023-04-24 17:44:09,466 :INFO : TestLogin_DDT :click on login password
2023-04-24 17:44:13,499 :INFO : TestLogin_DDT :test_login_ddt_003 is Failed
2023-04-24 17:44:13,569 :INFO : TestLogin_DDT :test_login_ddt_003 is completed
2023-04-24 17:47:02,665 :INFO : TestLogin_DDT :started test_login_ddt_003
2023-04-24 17:47:02,666 :INFO : TestLogin_DDT :verifying test_login_ddt_003
2023-04-24 17:47:12,187 :INFO : TestLogin_DDT :Enter username
2023-04-24 17:47:12,331 :INFO : TestLogin_DDT :Enter password
2023-04-24 17:47:12,432 :INFO : TestLogin_DDT :click on login password
2023-04-24 17:47:16,463 :INFO : TestLogin_DDT :test_login_ddt_003 is Failed
2023-04-24 17:47:16,520 :INFO : TestLogin_DDT :test_login_ddt_003 is completed
2023-04-24 17:47:43,828 :INFO : TestLogin_DDT :started test_login_ddt_003
2023-04-24 17:47:43,828 :INFO : TestLogin_DDT :verifying test_login_ddt_003
2023-04-24 17:47:52,747 :INFO : TestLogin_DDT :Enter username
2023-04-24 17:47:52,932 :INFO : TestLogin_DDT :Enter password
2023-04-24 17:47:53,033 :INFO : TestLogin_DDT :click on login password
2023-04-24 17:47:57,064 :INFO : TestLogin_DDT :test_login_ddt_003 is Failed
2023-04-24 17:47:57,116 :INFO : TestLogin_DDT :test_login_ddt_003 is completed
2023-04-24 17:47:57,346 :INFO : TestLogin_DDT :Enter username
2023-04-24 17:47:57,508 :INFO : TestLogin_DDT :Enter password
2023-04-24 17:47:57,579 :INFO : TestLogin_DDT :click on login password
2023-04-24 17:48:01,596 :INFO : TestLogin_DDT :test_login_ddt_003 is Failed
2023-04-24 17:48:01,651 :INFO : TestLogin_DDT :test_login_ddt_003 is completed
2023-04-24 17:48:01,827 :INFO : TestLogin_DDT :Enter username
2023-04-24 17:48:01,976 :INFO : TestLogin_DDT :Enter password
2023-04-24 17:48:02,044 :INFO : TestLogin_DDT :click on login password
2023-04-24 17:48:06,070 :INFO : TestLogin_DDT :test_login_ddt_003 is Failed
2023-04-24 17:48:06,129 :INFO : TestLogin_DDT :test_login_ddt_003 is completed
2023-04-24 17:48:06,336 :INFO : TestLogin_DDT :Enter username
2023-04-24 17:48:06,484 :INFO : TestLogin_DDT :Enter password
2023-04-24 17:48:06,576 :INFO : TestLogin_DDT :click on login password
2023-04-24 17:48:12,408 :INFO : TestLogin_DDT :test_login_ddt_003 is passed
2023-04-24 17:48:12,408 :INFO : TestLogin_DDT :click on Options
2023-04-24 17:48:15,577 :INFO : TestLogin_DDT :click on Logout
2023-04-24 17:52:27,100 :INFO : TestLogin_DDT :started test_login_ddt_003
2023-04-24 17:52:27,100 :INFO : TestLogin_DDT :verifying test_login_ddt_003
2023-04-24 17:52:35,610 :INFO : TestLogin_DDT :Enter username
2023-04-24 17:52:35,761 :INFO : TestLogin_DDT :Enter password
2023-04-24 17:52:35,880 :INFO : TestLogin_DDT :click on login password
2023-04-24 17:52:39,896 :INFO : TestLogin_DDT :test_login_ddt_003 is Failed
2023-04-24 17:52:39,924 :INFO : TestLogin_DDT :test_login_ddt_003 is completed
2023-04-24 17:52:40,141 :INFO : TestLogin_DDT :Enter username
2023-04-24 17:52:40,317 :INFO : TestLogin_DDT :Enter password
2023-04-24 17:52:40,404 :INFO : TestLogin_DDT :click on login password
2023-04-24 17:52:44,418 :INFO : TestLogin_DDT :test_login_ddt_003 is Failed
2023-04-24 17:52:44,455 :INFO : TestLogin_DDT :test_login_ddt_003 is completed
2023-04-24 17:52:44,647 :INFO : TestLogin_DDT :Enter username
2023-04-24 17:52:44,789 :INFO : TestLogin_DDT :Enter password
2023-04-24 17:52:44,862 :INFO : TestLogin_DDT :click on login password
2023-04-24 17:52:48,874 :INFO : TestLogin_DDT :test_login_ddt_003 is Failed
2023-04-24 17:52:48,908 :INFO : TestLogin_DDT :test_login_ddt_003 is completed
2023-04-24 17:52:49,132 :INFO : TestLogin_DDT :Enter username
2023-04-24 17:52:49,290 :INFO : TestLogin_DDT :Enter password
2023-04-24 17:52:49,393 :INFO : TestLogin_DDT :click on login password
2023-04-24 17:52:55,795 :INFO : TestLogin_DDT :test_login_ddt_003 is passed
2023-04-24 17:52:55,795 :INFO : TestLogin_DDT :click on Options
2023-04-24 17:52:58,697 :INFO : TestLogin_DDT :click on Logout
2023-04-24 17:56:54,831 :INFO : TestLogin :started test_login_002
2023-04-24 17:56:54,831 :INFO : TestLogin :verifying test_login_002
2023-04-24 17:56:55,856 :INFO : TestLogin :started test_pagetitle_001
2023-04-24 17:56:55,856 :INFO : TestLogin :Verifying page tile
2023-04-24 17:56:57,861 :INFO : TestLogin_DDT :started test_login_ddt_003
2023-04-24 17:56:57,861 :INFO : TestLogin_DDT :verifying test_login_ddt_003
2023-04-24 17:57:01,433 :INFO : TestLogin :test_pagetitle_001 is passed
2023-04-24 17:57:01,850 :INFO : TestLogin :test_pagetitle_001 is completed
2023-04-24 17:57:07,138 :INFO : TestLogin_DDT :Enter username
2023-04-24 17:57:07,369 :INFO : TestLogin :Enter username
2023-04-24 17:57:07,383 :INFO : TestLogin_DDT :Enter password
2023-04-24 17:57:07,605 :INFO : TestLogin :Enter password
2023-04-24 17:57:07,628 :INFO : TestLogin_DDT :click on login password
2023-04-24 17:57:07,866 :INFO : TestLogin :click on login password
2023-04-24 17:57:11,677 :INFO : TestLogin_DDT :test_login_ddt_003 is Failed
2023-04-24 17:57:19,034 :INFO : TestLogin :test_login_002 is passed
2023-04-24 17:57:19,035 :INFO : TestLogin :click on Options
2023-04-24 17:57:22,132 :INFO : TestLogin :click on Logout
2023-04-24 17:57:22,310 :INFO : TestLogin :test_login_002 is completed
2023-04-24 17:57:53,970 :INFO : TestLogin :started test_login_002
2023-04-24 17:57:53,971 :INFO : TestLogin :verifying test_login_002
2023-04-24 17:57:54,694 :INFO : TestLogin_DDT :started test_login_ddt_003
2023-04-24 17:57:54,694 :INFO : TestLogin_DDT :verifying test_login_ddt_003
2023-04-24 17:57:55,085 :INFO : TestLogin :started test_pagetitle_001
2023-04-24 17:57:55,085 :INFO : TestLogin :Verifying page tile
2023-04-24 17:58:01,503 :INFO : TestLogin :test_pagetitle_001 is passed
2023-04-24 17:58:02,157 :INFO : TestLogin :test_pagetitle_001 is completed
2023-04-24 17:58:03,649 :INFO : TestLogin_DDT :Enter username
2023-04-24 17:58:03,876 :INFO : TestLogin_DDT :Enter password
2023-04-24 17:58:04,228 :INFO : TestLogin_DDT :click on login password
2023-04-24 17:58:04,300 :INFO : TestLogin :Enter username
2023-04-24 17:58:04,561 :INFO : TestLogin :Enter password
2023-04-24 17:58:04,768 :INFO : TestLogin :click on login password
2023-04-24 17:58:08,292 :INFO : TestLogin_DDT :test_login_ddt_003 is Failed
2023-04-24 17:58:08,350 :INFO : TestLogin_DDT :test_login_ddt_003 is completed
2023-04-24 17:58:08,602 :INFO : TestLogin_DDT :Enter username
2023-04-24 17:58:08,849 :INFO : TestLogin_DDT :Enter password
2023-04-24 17:58:08,992 :INFO : TestLogin_DDT :click on login password
2023-04-24 17:58:13,024 :INFO : TestLogin_DDT :test_login_ddt_003 is Failed
2023-04-24 17:58:13,071 :INFO : TestLogin_DDT :test_login_ddt_003 is completed
2023-04-24 17:58:13,310 :INFO : TestLogin_DDT :Enter username
2023-04-24 17:58:13,451 :INFO : TestLogin_DDT :Enter password
2023-04-24 17:58:13,527 :INFO : TestLogin_DDT :click on login password
2023-04-24 17:58:15,597 :INFO : TestLogin :test_login_002 is passed
2023-04-24 17:58:15,597 :INFO : TestLogin :click on Options
2023-04-24 17:58:17,567 :INFO : TestLogin_DDT :test_login_ddt_003 is Failed
2023-04-24 17:58:17,614 :INFO : TestLogin_DDT :test_login_ddt_003 is completed
2023-04-24 17:58:17,805 :INFO : TestLogin_DDT :Enter username
2023-04-24 17:58:17,938 :INFO : TestLogin_DDT :Enter password
2023-04-24 17:58:18,025 :INFO : TestLogin_DDT :click on login password
2023-04-24 17:58:18,614 :INFO : TestLogin :click on Logout
2023-04-24 17:58:19,017 :INFO : TestLogin :test_login_002 is completed
2023-04-24 17:58:24,122 :INFO : TestLogin_DDT :test_login_ddt_003 is passed
2023-04-24 17:58:24,122 :INFO : TestLogin_DDT :click on Options
2023-04-24 17:58:27,166 :INFO : TestLogin_DDT :click on Logout
2023-04-24 18:01:02,424 :INFO : TestLogin :started test_pagetitle_001
2023-04-24 18:01:02,424 :INFO : TestLogin :Verifying page tile
2023-04-24 18:01:08,327 :INFO : TestLogin :test_pagetitle_001 is passed
2023-04-24 18:01:08,754 :INFO : TestLogin :test_pagetitle_001 is completed
2023-04-24 18:01:10,522 :INFO : TestLogin :started test_login_002
2023-04-24 18:01:10,522 :INFO : TestLogin :verifying test_login_002
2023-04-24 18:01:21,660 :INFO : TestLogin :Enter username
2023-04-24 18:01:21,810 :INFO : TestLogin :Enter password
2023-04-24 18:01:21,936 :INFO : TestLogin :click on login password
2023-04-24 18:01:30,789 :INFO : TestLogin :test_login_002 is passed
2023-04-24 18:01:30,790 :INFO : TestLogin :click on Options
2023-04-24 18:01:37,031 :INFO : TestLogin :click on Logout
2023-04-24 18:01:37,222 :INFO : TestLogin :test_login_002 is completed
2023-04-24 18:01:56,855 :INFO : TestLogin_DDT :started test_login_ddt_003
2023-04-24 18:01:56,855 :INFO : TestLogin_DDT :verifying test_login_ddt_003
2023-04-24 18:02:08,002 :INFO : TestLogin_DDT :Enter username
2023-04-24 18:02:08,185 :INFO : TestLogin_DDT :Enter password
2023-04-24 18:02:08,281 :INFO : TestLogin_DDT :click on login password
2023-04-24 18:02:12,309 :INFO : TestLogin_DDT :test_login_ddt_003 is Failed
2023-04-24 18:02:12,346 :INFO : TestLogin_DDT :test_login_ddt_003 is completed
2023-04-24 18:02:12,559 :INFO : TestLogin_DDT :Enter username
2023-04-24 18:02:12,733 :INFO : TestLogin_DDT :Enter password
2023-04-24 18:02:12,842 :INFO : TestLogin_DDT :click on login password
2023-04-24 18:04:14,287 :INFO : TestLogin :started test_pagetitle_001
2023-04-24 18:04:14,287 :INFO : TestLogin :Verifying page tile
2023-04-24 18:04:20,779 :INFO : TestLogin :test_pagetitle_001 is passed
2023-04-24 18:04:21,192 :INFO : TestLogin :test_pagetitle_001 is completed
2023-04-24 18:04:22,793 :INFO : TestLogin :started test_login_002
2023-04-24 18:04:22,793 :INFO : TestLogin :verifying test_login_002
2023-04-24 18:04:31,404 :INFO : TestLogin :Enter username
2023-04-24 18:04:31,720 :INFO : TestLogin :Enter password
2023-04-24 18:04:31,949 :INFO : TestLogin :click on login password
2023-04-24 18:04:37,826 :INFO : TestLogin :test_login_002 is passed
2023-04-24 18:04:37,826 :INFO : TestLogin :click on Options
2023-04-24 18:04:40,804 :INFO : TestLogin :click on Logout
2023-04-24 18:04:40,913 :INFO : TestLogin :test_login_002 is completed
2023-04-24 18:09:56,751 :INFO : TestLogin :started test_pagetitle_001
2023-04-24 18:09:56,751 :INFO : TestLogin :Verifying page tile
2023-04-24 18:09:56,875 :INFO : TestLogin_DDT :started test_login_ddt_003
2023-04-24 18:09:56,875 :INFO : TestLogin_DDT :verifying test_login_ddt_003
2023-04-24 18:10:02,425 :INFO : TestLogin :test_pagetitle_001 is passed
2023-04-24 18:10:02,993 :INFO : TestLogin :test_pagetitle_001 is completed
2023-04-24 18:10:04,957 :INFO : TestLogin :started test_login_002
2023-04-24 18:10:04,959 :INFO : TestLogin :verifying test_login_002
2023-04-24 18:10:14,293 :INFO : TestLogin :Enter username
2023-04-24 18:10:14,625 :INFO : TestLogin :Enter password
2023-04-24 18:10:14,963 :INFO : TestLogin :click on login password
2023-04-24 18:10:21,471 :INFO : TestLogin :test_login_002 is passed
2023-04-24 18:10:21,471 :INFO : TestLogin :click on Options
2023-04-24 18:10:24,525 :INFO : TestLogin :click on Logout
2023-04-24 18:10:24,742 :INFO : TestLogin :test_login_002 is completed
2023-04-24 18:11:40,806 :INFO : TestLogin_DDT :started test_login_ddt_003
2023-04-24 18:11:40,807 :INFO : TestLogin_DDT :verifying test_login_ddt_003
2023-04-24 18:11:40,837 :INFO : TestLogin :started test_pagetitle_001
2023-04-24 18:11:40,838 :INFO : TestLogin :Verifying page tile
2023-04-24 18:11:44,614 :INFO : TestLogin :test_pagetitle_001 is passed
2023-04-24 18:11:44,812 :INFO : TestLogin :test_pagetitle_001 is completed
2023-04-24 18:11:46,125 :INFO : TestLogin :started test_login_002
2023-04-24 18:11:46,125 :INFO : TestLogin :verifying test_login_002
2023-04-24 18:11:47,773 :INFO : TestLogin_DDT :Enter username
2023-04-24 18:11:47,881 :INFO : TestLogin_DDT :Enter password
2023-04-24 18:11:47,943 :INFO : TestLogin_DDT :click on login password
2023-04-24 18:11:52,018 :INFO : TestLogin_DDT :test_login_ddt_003 is Failed
2023-04-24 18:11:52,063 :INFO : TestLogin_DDT :test_login_ddt_003 is completed
2023-04-24 18:11:52,174 :INFO : TestLogin_DDT :Enter username
2023-04-24 18:11:52,252 :INFO : TestLogin_DDT :Enter password
2023-04-24 18:11:52,288 :INFO : TestLogin_DDT :click on login password
2023-04-24 18:11:52,590 :INFO : TestLogin :Enter username
2023-04-24 18:11:52,682 :INFO : TestLogin :Enter password
2023-04-24 18:11:52,750 :INFO : TestLogin :click on login password
2023-04-24 18:11:56,312 :INFO : TestLogin_DDT :test_login_ddt_003 is Failed
2023-04-24 18:11:56,341 :INFO : TestLogin_DDT :test_login_ddt_003 is completed
2023-04-24 18:11:56,491 :INFO : TestLogin_DDT :Enter username
2023-04-24 18:11:56,592 :INFO : TestLogin_DDT :Enter password
2023-04-24 18:11:56,637 :INFO : TestLogin_DDT :click on login password
2023-04-24 18:11:58,496 :INFO : TestLogin :test_login_002 is passed
2023-04-24 18:11:58,496 :INFO : TestLogin :click on Options
2023-04-24 18:12:00,678 :INFO : TestLogin_DDT :test_login_ddt_003 is Failed
2023-04-24 18:12:00,722 :INFO : TestLogin_DDT :test_login_ddt_003 is completed
2023-04-24 18:12:00,895 :INFO : TestLogin_DDT :Enter username
2023-04-24 18:12:01,030 :INFO : TestLogin_DDT :Enter password
2023-04-24 18:12:01,089 :INFO : TestLogin_DDT :click on login password
2023-04-24 18:12:01,539 :INFO : TestLogin :click on Logout
2023-04-24 18:12:01,565 :INFO : TestLogin :test_login_002 is completed
2023-04-24 18:12:06,690 :INFO : TestLogin_DDT :test_login_ddt_003 is passed
2023-04-24 18:12:06,690 :INFO : TestLogin_DDT :click on Options
2023-04-24 18:12:09,469 :INFO : TestLogin_DDT :click on Logout
2023-04-24 18:12:40,769 :INFO : TestLogin_DDT :started test_login_ddt_003
2023-04-24 18:12:40,769 :INFO : TestLogin_DDT :verifying test_login_ddt_003
2023-04-24 18:12:41,036 :INFO : TestLogin :started test_pagetitle_001
2023-04-24 18:12:41,036 :INFO : TestLogin :Verifying page tile
2023-04-24 18:12:45,347 :INFO : TestLogin :test_pagetitle_001 is passed
2023-04-24 18:12:45,645 :INFO : TestLogin :test_pagetitle_001 is completed
2023-04-24 18:12:47,347 :INFO : TestLogin :started test_login_002
2023-04-24 18:12:47,347 :INFO : TestLogin :verifying test_login_002
2023-04-24 18:12:48,094 :INFO : TestLogin_DDT :Enter username
2023-04-24 18:12:48,192 :INFO : TestLogin_DDT :Enter password
2023-04-24 18:12:48,265 :INFO : TestLogin_DDT :click on login password
2023-04-24 18:12:52,315 :INFO : TestLogin_DDT :test_login_ddt_003 is Failed
2023-04-24 18:12:52,385 :INFO : TestLogin_DDT :test_login_ddt_003 is completed
2023-04-24 18:12:52,616 :INFO : TestLogin_DDT :Enter username
2023-04-24 18:12:52,831 :INFO : TestLogin_DDT :Enter password
2023-04-24 18:12:52,967 :INFO : TestLogin_DDT :click on login password
2023-04-24 18:12:53,641 :INFO : TestLogin :Enter username
2023-04-24 18:12:53,752 :INFO : TestLogin :Enter password
2023-04-24 18:12:53,823 :INFO : TestLogin :click on login password
2023-04-24 18:12:57,001 :INFO : TestLogin_DDT :test_login_ddt_003 is Failed
2023-04-24 18:12:57,040 :INFO : TestLogin_DDT :test_login_ddt_003 is completed
2023-04-24 18:12:57,355 :INFO : TestLogin_DDT :Enter username
2023-04-24 18:12:57,585 :INFO : TestLogin_DDT :Enter password
2023-04-24 18:12:57,676 :INFO : TestLogin_DDT :click on login password
2023-04-24 18:13:00,099 :INFO : TestLogin :test_login_002 is passed
2023-04-24 18:13:00,099 :INFO : TestLogin :click on Options
2023-04-24 18:13:01,708 :INFO : TestLogin_DDT :test_login_ddt_003 is Failed
2023-04-24 18:13:01,735 :INFO : TestLogin_DDT :test_login_ddt_003 is completed
2023-04-24 18:13:02,012 :INFO : TestLogin_DDT :Enter username
2023-04-24 18:13:02,190 :INFO : TestLogin_DDT :Enter password
2023-04-24 18:13:02,323 :INFO : TestLogin_DDT :click on login password
2023-04-24 18:13:03,069 :INFO : TestLogin :click on Logout
2023-04-24 18:13:03,112 :INFO : TestLogin :test_login_002 is completed
2023-04-24 18:13:08,095 :INFO : TestLogin_DDT :test_login_ddt_003 is passed
2023-04-24 18:13:08,095 :INFO : TestLogin_DDT :click on Options
2023-04-24 18:13:10,825 :INFO : TestLogin_DDT :click on Logout
2023-04-24 18:26:30,270 :INFO : TestLogin :started test_pagetitle_001
2023-04-24 18:26:30,270 :INFO : TestLogin :Verifying page tile
2023-04-24 18:26:33,822 :INFO : TestLogin :test_pagetitle_001 is passed
2023-04-24 18:26:34,052 :INFO : TestLogin :test_pagetitle_001 is completed
2023-04-24 18:26:35,483 :INFO : TestLogin :started test_login_002
2023-04-24 18:26:35,483 :INFO : TestLogin :verifying test_login_002
2023-04-24 18:26:41,768 :INFO : TestLogin :Enter username
2023-04-24 18:26:41,892 :INFO : TestLogin :Enter password
2023-04-24 18:26:41,971 :INFO : TestLogin :click on login password
2023-04-24 18:26:48,099 :INFO : TestLogin :test_login_002 is passed
2023-04-24 18:26:48,100 :INFO : TestLogin :click on Options
2023-04-24 18:26:50,730 :INFO : TestLogin :click on Logout
2023-04-24 18:26:50,754 :INFO : TestLogin :test_login_002 is completed
2023-04-24 18:27:24,219 :INFO : TestLogin :started test_pagetitle_001
2023-04-24 18:27:24,219 :INFO : TestLogin :Verifying page tile
2023-04-24 18:27:28,209 :INFO : TestLogin :test_pagetitle_001 is passed
2023-04-24 18:27:28,302 :INFO : TestLogin :test_pagetitle_001 is completed
2023-04-24 18:27:29,819 :INFO : TestLogin :started test_login_002
2023-04-24 18:27:29,819 :INFO : TestLogin :verifying test_login_002
2023-04-24 18:27:36,300 :INFO : TestLogin :Enter username
2023-04-24 18:27:36,554 :INFO : TestLogin :Enter password
2023-04-24 18:27:36,682 :INFO : TestLogin :click on login password
2023-04-24 18:27:43,051 :INFO : TestLogin :test_login_002 is passed
2023-04-24 18:27:43,051 :INFO : TestLogin :click on Options
2023-04-24 18:27:45,867 :INFO : TestLogin :click on Logout
2023-04-24 18:27:45,893 :INFO : TestLogin :test_login_002 is completed
2023-04-24 18:27:54,536 :INFO : TestLogin :started test_pagetitle_001
2023-04-24 18:27:54,538 :INFO : TestLogin :Verifying page tile
2023-04-24 18:27:57,856 :INFO : TestLogin :test_pagetitle_001 is passed
2023-04-24 18:27:57,989 :INFO : TestLogin :test_pagetitle_001 is completed
2023-04-24 18:27:59,431 :INFO : TestLogin :started test_login_002
2023-04-24 18:27:59,431 :INFO : TestLogin :verifying test_login_002
2023-04-24 18:28:05,924 :INFO : TestLogin :Enter username
2023-04-24 18:28:06,036 :INFO : TestLogin :Enter password
2023-04-24 18:28:06,151 :INFO : TestLogin :click on login password
2023-04-24 18:28:11,776 :INFO : TestLogin :test_login_002 is passed
2023-04-24 18:28:11,777 :INFO : TestLogin :click on Options
2023-04-24 18:28:14,605 :INFO : TestLogin :click on Logout
2023-04-24 18:28:14,641 :INFO : TestLogin :test_login_002 is completed
2023-04-24 19:19:39,254 :INFO : TestLogin :started test_pagetitle_001
2023-04-24 19:19:39,254 :INFO : TestLogin :Verifying page tile
2023-04-24 19:19:47,655 :INFO : TestLogin :test_pagetitle_001 is passed
2023-04-24 19:19:56,752 :INFO : TestLogin :test_pagetitle_001 is completed
2023-04-24 19:19:59,969 :INFO : TestLogin :started test_login_002
2023-04-24 19:19:59,969 :INFO : TestLogin :verifying test_login_002
2023-04-24 19:20:10,495 :INFO : TestLogin :Enter username
2023-04-24 19:20:11,292 :INFO : TestLogin :Enter password
2023-04-24 19:20:11,561 :INFO : TestLogin :click on login password
2023-04-24 19:20:19,494 :INFO : TestLogin :test_login_002 is passed
2023-04-24 19:20:19,494 :INFO : TestLogin :click on Options
2023-04-24 19:20:23,190 :INFO : TestLogin :click on Logout
2023-04-24 19:20:26,458 :INFO : TestLogin :test_login_002 is completed
2023-04-24 21:51:34,000 :INFO : TestLogin :started test_pagetitle_001
2023-04-24 21:51:34,001 :INFO : TestLogin :Verifying page tile
2023-04-24 21:51:37,626 :INFO : TestLogin :test_pagetitle_001 is passed
2023-04-24 21:51:38,096 :INFO : TestLogin :test_pagetitle_001 is completed
2023-04-24 21:51:40,065 :INFO : TestLogin :started test_login_002
2023-04-24 21:51:40,066 :INFO : TestLogin :verifying test_login_002
2023-04-24 21:51:47,090 :INFO : TestLogin :Enter username
2023-04-24 21:51:47,256 :INFO : TestLogin :Enter password
2023-04-24 21:51:47,419 :INFO : TestLogin :click on login password
2023-04-24 21:51:53,846 :INFO : TestLogin :test_login_002 is passed
2023-04-24 21:51:53,847 :INFO : TestLogin :click on Options
2023-04-24 21:51:56,734 :INFO : TestLogin :click on Logout
2023-04-24 21:51:56,769 :INFO : TestLogin :test_login_002 is completed
2023-04-24 21:55:11,169 :INFO : TestLogin :started test_pagetitle_001
2023-04-24 21:55:11,170 :INFO : TestLogin :Verifying page tile
2023-04-24 21:55:14,793 :INFO : TestLogin :test_pagetitle_001 is passed
2023-04-24 21:55:14,980 :INFO : TestLogin :test_pagetitle_001 is completed
2023-04-24 21:55:16,888 :INFO : TestLogin :started test_login_002
2023-04-24 21:55:16,888 :INFO : TestLogin :verifying test_login_002
2023-04-24 21:55:23,755 :INFO : TestLogin :Enter username
2023-04-24 21:55:24,013 :INFO : TestLogin :Enter password
2023-04-24 21:55:24,195 :INFO : TestLogin :click on login password
2023-04-24 21:55:30,164 :INFO : TestLogin :test_login_002 is passed
2023-04-24 21:55:30,165 :INFO : TestLogin :click on Options
2023-04-24 21:55:33,347 :INFO : TestLogin :click on Logout
2023-04-24 21:55:33,474 :INFO : TestLogin :test_login_002 is completed
